# JRE version: OpenJDK Runtime Environment (11.0.4+11) (build 11.0.4+11-post-Ubuntu-1ubuntu219.04)
# Java VM: OpenJDK 64-Bit Server VM (11.0.4+11-post-Ubuntu-1ubuntu219.04, mixed mode, sharing, tiered, compressed oops, g1 gc, linux-amd64)
Heap:
 garbage-first heap   total 1180672K, used 172664K [0x0000000700000000, 0x0000000800000000)
  region size 1024K, 1 young (1024K), 1 survivors (1024K)
 Metaspace       used 10847K, capacity 11440K, committed 11648K, reserved 1058816K
  class space    used 1326K, capacity 1608K, committed 1664K, reserved 1048576K
GC Heap History (10 events):
Event: 2.088 GC heap after
{Heap after GC invocations=12 (full 0):
 garbage-first heap   total 428032K, used 72211K [0x0000000700000000, 0x0000000800000000)
  region size 1024K, 24 young (24576K), 24 survivors (24576K)
 Metaspace       used 9871K, capacity 10318K, committed 10624K, reserved 1058816K
  class space    used 1185K, capacity 1400K, committed 1408K, reserved 1048576K
}
Event: 2.264 GC heap before
{Heap before GC invocations=12 (full 0):
 garbage-first heap   total 428032K, used 303635K [0x0000000700000000, 0x0000000800000000)
  region size 1024K, 250 young (256000K), 24 survivors (24576K)
 Metaspace       used 9871K, capacity 10318K, committed 10624K, reserved 1058816K
  class space    used 1185K, capacity 1400K, committed 1408K, reserved 1048576K
}
Event: 2.278 GC heap after
{Heap after GC invocations=13 (full 0):
 garbage-first heap   total 625664K, used 78090K [0x0000000700000000, 0x0000000800000000)
  region size 1024K, 22 young (22528K), 22 survivors (22528K)
 Metaspace       used 9871K, capacity 10318K, committed 10624K, reserved 1058816K
  class space    used 1185K, capacity 1400K, committed 1408K, reserved 1048576K
}
Event: 2.598 GC heap before
{Heap before GC invocations=13 (full 0):
 garbage-first heap   total 625664K, used 430346K [0x0000000700000000, 0x0000000800000000)
  region size 1024K, 366 young (374784K), 22 survivors (22528K)
 Metaspace       used 9871K, capacity 10318K, committed 10624K, reserved 1058816K
  class space    used 1185K, capacity 1400K, committed 1408K, reserved 1048576K
}
Event: 2.608 GC heap after
{Heap after GC invocations=14 (full 0):
 garbage-first heap   total 625664K, used 87818K [0x0000000700000000, 0x0000000800000000)
  region size 1024K, 32 young (32768K), 32 survivors (32768K)
 Metaspace       used 9871K, capacity 10318K, committed 10624K, reserved 1058816K
  class space    used 1185K, capacity 1400K, committed 1408K, reserved 1048576K
}
Event: 2.872 GC heap before
{Heap before GC invocations=14 (full 0):
 garbage-first heap   total 625664K, used 429834K [0x0000000700000000, 0x0000000800000000)
  region size 1024K, 366 young (374784K), 32 survivors (32768K)
 Metaspace       used 9928K, capacity 10429K, committed 10752K, reserved 1058816K
  class space    used 1197K, capacity 1419K, committed 1536K, reserved 1048576K
}
Event: 2.885 GC heap after
{Heap after GC invocations=15 (full 0):
 garbage-first heap   total 625664K, used 98309K [0x0000000700000000, 0x0000000800000000)
  region size 1024K, 34 young (34816K), 34 survivors (34816K)
 Metaspace       used 9928K, capacity 10429K, committed 10752K, reserved 1058816K
  class space    used 1197K, capacity 1419K, committed 1536K, reserved 1048576K
}
Event: 3.281 GC heap before
{Heap before GC invocations=15 (full 0):
 garbage-first heap   total 625664K, used 438277K [0x0000000700000000, 0x0000000800000000)
  region size 1024K, 366 young (374784K), 34 survivors (34816K)
 Metaspace       used 10846K, capacity 11440K, committed 11648K, reserved 1058816K
  class space    used 1326K, capacity 1608K, committed 1664K, reserved 1048576K
}
Event: 3.314 GC heap after
{Heap after GC invocations=16 (full 0):
 garbage-first heap   total 625664K, used 169309K [0x0000000700000000, 0x0000000800000000)
  region size 1024K, 46 young (47104K), 46 survivors (47104K)
 Metaspace       used 10846K, capacity 11440K, committed 11648K, reserved 1058816K
  class space    used 1326K, capacity 1608K, committed 1664K, reserved 1048576K
}
Event: 3.817 GC heap before
{Heap before GC invocations=16 (full 0):
 garbage-first heap   total 625664K, used 484701K [0x0000000700000000, 0x0000000800000000)
  region size 1024K, 354 young (362496K), 46 survivors (47104K)
 Metaspace       used 10847K, capacity 11440K, committed 11648K, reserved 1058816K
  class space    used 1326K, capacity 1608K, committed 1664K, reserved 1048576K
}

